<?xml version="1.0" encoding="UTF-8"?>
<!-- Generated by org.testng.reporters.JUnitXMLReporter -->
<testsuite ignored="0" hostname="DESKTOP-VAC88UU" failures="0" tests="3" name="TestBlock2" time="87.789" errors="0" timestamp="2023-02-10T13:18:01 IST">
  <testcase classname="com.actitime.generic.BaseClass" name="@BeforeMethod lgin" time="11.507">
    <failure type="java.lang.NullPointerException" message="Cannot invoke &amp;quot;org.openqa.selenium.WebElement.sendKeys(java.lang.CharSequence[])&amp;quot; because &amp;quot;this.untbx&amp;quot; is null">
      <![CDATA[java.lang.NullPointerException: Cannot invoke "org.openqa.selenium.WebElement.sendKeys(java.lang.CharSequence[])" because "this.untbx" is null
at com.actitime.pom.LogIn.setLogin(LogIn.java:25)
at com.actitime.generic.BaseClass.lgin(BaseClass.java:57)
at java.base/java.util.ArrayList.forEach(ArrayList.java:1511)
at java.base/java.util.concurrent.FutureTask.run(FutureTask.java:264)
at java.base/java.util.concurrent.ThreadPoolExecutor.runWorker(ThreadPoolExecutor.java:1136)
at java.base/java.util.concurrent.ThreadPoolExecutor$Worker.run(ThreadPoolExecutor.java:635)
at java.base/java.lang.Thread.run(Thread.java:833)
... Removed 20 stack frames]]>
    </failure>
  </testcase> <!-- @BeforeMethod lgin -->
  <testcase classname="com.actitime.generic.BaseClass" name="@AfterMethod lgout" time="-1.676015275981E9">
    <skipped/>
  </testcase> <!-- @AfterMethod lgout -->
  <testcase classname="com.actitime.generic.BaseClass" name="@BeforeMethod lgin" time="-1.676015276037E9">
    <skipped/>
  </testcase> <!-- @BeforeMethod lgin -->
  <testcase classname="com.actitime.generic.BaseClass" name="@AfterMethod lgout" time="-1.676015276057E9">
    <skipped/>
  </testcase> <!-- @AfterMethod lgout -->
  <testcase classname="com.actitime.generic.BaseClass" name="@BeforeMethod lgin" time="-1.676015276061E9">
    <skipped/>
  </testcase> <!-- @BeforeMethod lgin -->
  <testcase classname="com.actitime.generic.BaseClass" name="@AfterMethod lgout" time="-1.676015276086E9">
    <skipped/>
  </testcase> <!-- @AfterMethod lgout -->
  <testcase classname="com.actitime.testscript.ProjectModule" name="createProject" time="0.0">
    <skipped/>
  </testcase> <!-- createProject -->
  <testcase classname="com.actitime.testscript.ProjectModule" name="deleteProject" time="0.0">
    <skipped/>
  </testcase> <!-- deleteProject -->
  <testcase classname="com.actitime.testscript.ProjectModule" name="modifyProject" time="0.0">
    <skipped/>
  </testcase> <!-- modifyProject -->
</testsuite> <!-- TestBlock2 -->
