<?xml version="1.0" encoding="UTF-8"?>
<!-- Generated by org.testng.reporters.JUnitXMLReporter -->
<testsuite ignored="0" hostname="DESKTOP-VAC88UU" failures="0" tests="3" name="TestBlock3" time="26.747" errors="0" timestamp="2023-01-31T18:06:14 IST">
  <testcase classname="com.actitime.generic.BaseClass" name="@BeforeMethod lgin" time="14.645">
    <failure type="java.lang.NullPointerException" message="Cannot invoke &amp;quot;org.openqa.selenium.WebElement.sendKeys(java.lang.CharSequence[])&amp;quot; because &amp;quot;this.untbx&amp;quot; is null">
      <![CDATA[java.lang.NullPointerException: Cannot invoke "org.openqa.selenium.WebElement.sendKeys(java.lang.CharSequence[])" because "this.untbx" is null
at com.actitime.pom.LogIn.setLogin(LogIn.java:25)
at com.actitime.generic.BaseClass.lgin(BaseClass.java:48)
at java.base/java.util.ArrayList.forEach(ArrayList.java:1511)
at java.base/java.util.concurrent.FutureTask.run(FutureTask.java:264)
at java.base/java.util.concurrent.ThreadPoolExecutor.runWorker(ThreadPoolExecutor.java:1136)
at java.base/java.util.concurrent.ThreadPoolExecutor$Worker.run(ThreadPoolExecutor.java:635)
at java.base/java.lang.Thread.run(Thread.java:833)
... Removed 20 stack frames]]>
    </failure>
  </testcase> <!-- @BeforeMethod lgin -->
  <testcase classname="com.actitime.generic.BaseClass" name="@AfterMethod lgout" time="-1.675168570009E9">
    <skipped/>
  </testcase> <!-- @AfterMethod lgout -->
  <testcase classname="com.actitime.generic.BaseClass" name="@BeforeMethod lgin" time="-1.675168570043E9">
    <skipped/>
  </testcase> <!-- @BeforeMethod lgin -->
  <testcase classname="com.actitime.generic.BaseClass" name="@AfterMethod lgout" time="-1.675168570063E9">
    <skipped/>
  </testcase> <!-- @AfterMethod lgout -->
  <testcase classname="com.actitime.generic.BaseClass" name="@BeforeMethod lgin" time="-1.675168570209E9">
    <skipped/>
  </testcase> <!-- @BeforeMethod lgin -->
  <testcase classname="com.actitime.generic.BaseClass" name="@AfterMethod lgout" time="-1.675168570225E9">
    <skipped/>
  </testcase> <!-- @AfterMethod lgout -->
  <testcase classname="com.actitime.testscript.TaskModule" name="createTask" time="0.0">
    <skipped/>
  </testcase> <!-- createTask -->
  <testcase classname="com.actitime.testscript.TaskModule" name="deleteTask" time="0.0">
    <skipped/>
  </testcase> <!-- deleteTask -->
  <testcase classname="com.actitime.testscript.TaskModule" name="modifyTask" time="0.0">
    <skipped/>
  </testcase> <!-- modifyTask -->
</testsuite> <!-- TestBlock3 -->
